<?xml version="1.0" encoding="UTF-8"?>
<!-- Generated by org.testng.reporters.JUnitReportReporter -->
<testsuite hostname="Aswins-MacBook-Air.local" failures="0" tests="5" name="Loan.HouseLoan.Example2" time="0.004" errors="0" timestamp="2024-04-12T23:21:19 BST" skipped="0">
  <testcase classname="Loan.HouseLoan.Example2" name="m1" time="0.000"/>
  <system-out/>
  <testcase classname="Loan.HouseLoan.Example2" name="m2" time="0.000"/>
  <system-out/>
  <testcase classname="Loan.HouseLoan.Example2" name="m4" time="0.001"/>
  <system-out/>
  <testcase classname="Loan.HouseLoan.Example2" name="m5" time="0.000"/>
  <system-out/>
  <testcase classname="Loan.HouseLoan.Example2" name="m3" time="0.003"/>
  <system-out/>
</testsuite> <!-- Loan.HouseLoan.Example2 -->
