<?xml version="1.0" encoding="UTF-8"?>
<!-- Generated by org.testng.reporters.JUnitReportReporter -->
<testsuite hostname="Aswins-MacBook-Air.local" failures="0" tests="2" name="Loan.HouseLoan.Example1" time="0.003" errors="0" timestamp="2024-04-12T23:14:37 BST" skipped="0">
  <testcase classname="Loan.HouseLoan.Example1" name="m1" time="0.003"/>
  <system-out/>
  <testcase classname="Loan.HouseLoan.Example1" name="m4" time="0.000"/>
  <system-out/>
</testsuite> <!-- Loan.HouseLoan.Example1 -->
