<?xml version="1.0" encoding="UTF-8"?>
<!-- Generated by org.testng.reporters.JUnitReportReporter -->
<testsuite hostname="Aswins-MacBook-Air.local" failures="0" tests="2" name="TestNG.Example1" time="0.003" errors="0" timestamp="2024-04-06T09:21:33 BST" skipped="0">
  <testcase classname="TestNG.Example1" name="Test1" time="0.003"/>
  <system-out/>
  <testcase classname="TestNG.Example1" name="Test2" time="0.000"/>
  <system-out/>
</testsuite> <!-- TestNG.Example1 -->
