<?xml version="1.0" encoding="UTF-8"?>
<!-- Generated by org.testng.reporters.JUnitReportReporter -->
<testsuite hostname="Aswins-MacBook-Air.local" failures="0" tests="1" name="Loan.Carloan.Logout" time="0.000" errors="0" timestamp="2024-04-12T23:04:22 BST" skipped="0">
  <testcase classname="Loan.Carloan.Logout" name="carLogout" time="0.000"/>
  <system-out/>
</testsuite> <!-- Loan.Carloan.Logout -->
