<?xml version="1.0" encoding="UTF-8"?>
<!-- Generated by org.testng.reporters.JUnitReportReporter -->
<testsuite hostname="Aswins-MacBook-Air.local" failures="0" tests="1" name="Loan.Carloan.Login" time="0.001" errors="0" timestamp="2024-04-12T22:53:05 BST" skipped="0">
  <testcase classname="Loan.Carloan.Login" name="carLogin" time="0.001"/>
  <system-out/>
</testsuite> <!-- Loan.Carloan.Login -->
