<?xml version="1.0" encoding="UTF-8"?>
<!-- Generated by org.testng.reporters.JUnitReportReporter -->
<testsuite hostname="Aswins-MacBook-Air.local" failures="0" tests="3" name="Loan.NewHouseLoan.NewHouseRegistartion" time="0.001" errors="0" timestamp="2024-04-12T23:04:22 BST" skipped="0">
  <testcase classname="Loan.NewHouseLoan.NewHouseRegistartion" name="apiRegistartion" time="0.000"/>
  <system-out/>
  <testcase classname="Loan.NewHouseLoan.NewHouseRegistartion" name="mobileRegistartion" time="0.000"/>
  <system-out/>
  <testcase classname="Loan.NewHouseLoan.NewHouseRegistartion" name="webRegistartion" time="0.001"/>
  <system-out/>
</testsuite> <!-- Loan.NewHouseLoan.NewHouseRegistartion -->
