<?xml version="1.0" encoding="UTF-8"?>
<!-- Generated by org.testng.reporters.JUnitReportReporter -->
<testsuite hostname="Aswins-MacBook-Air.local" failures="0" tests="1" name="Loan.OldCarLoan.OldCarRegistration" time="0.001" errors="0" timestamp="2024-04-12T23:04:22 BST" skipped="0">
  <testcase classname="Loan.OldCarLoan.OldCarRegistration" name="mobileRegistartion" time="0.001"/>
  <system-out/>
</testsuite> <!-- Loan.OldCarLoan.OldCarRegistration -->
