<?xml version="1.0" encoding="UTF-8"?>
<!-- Generated by org.testng.reporters.JUnitReportReporter -->
<testsuite hostname="Aswins-MacBook-Air.local" failures="0" tests="2" name="Loan.NewCarLoan.NewCarRegistartion" time="0.004" errors="0" timestamp="2024-04-12T23:04:22 BST" skipped="0">
  <testcase classname="Loan.NewCarLoan.NewCarRegistartion" name="millageCar" time="0.002"/>
  <system-out/>
  <testcase classname="Loan.NewCarLoan.NewCarRegistartion" name="mobileRegistartion" time="0.002"/>
  <system-out/>
</testsuite> <!-- Loan.NewCarLoan.NewCarRegistartion -->
